<?xml version="1.0" encoding="UTF-8"?>
<!-- Generated by org.testng.reporters.JUnitXMLReporter -->
<testsuite ignored="0" hostname="DESKTOP-5159FKT" failures="0" tests="2" name="Test" time="0.254" errors="0" timestamp="2021-06-28T22:04:18 IST">
  <testcase classname="mavenproject.mavenextend.DemoTest" name="@BeforeTest config" time="0.17">
    <failure type="java.lang.NoSuchFieldError" message="VERSION_2_3_30">
      <![CDATA[java.lang.NoSuchFieldError: VERSION_2_3_30
at com.aventstack.extentreports.reporter.AbstractFileReporter.loadTemplateModel(AbstractFileReporter.java:54)
at com.aventstack.extentreports.reporter.ExtentSparkReporter.start(ExtentSparkReporter.java:136)
at com.aventstack.extentreports.reporter.ExtentSparkReporter.access$0(ExtentSparkReporter.java:134)
at com.aventstack.extentreports.reporter.ExtentSparkReporter$1.onSubscribe(ExtentSparkReporter.java:116)
at io.reactivex.rxjava3.subjects.PublishSubject.subscribeActual(PublishSubject.java:133)
at io.reactivex.rxjava3.core.Observable.subscribe(Observable.java:13099)
at com.aventstack.extentreports.ReactiveSubject.attachReporter(ReactiveSubject.java:38)
at com.aventstack.extentreports.ExtentReports.attachReporter(ExtentReports.java:68)
at mavenproject.mavenextend.DemoTest.config(DemoTest.java:37)
... Removed 24 stack frames]]>
    </failure>
  </testcase> <!-- @BeforeTest config -->
  <testcase classname="mavenproject.mavenextend.DemoTest" name="@BeforeClass initiate" time="-1.624898058894E9">
    <skipped/>
  </testcase> <!-- @BeforeClass initiate -->
  <testcase classname="mavenproject.mavenextend.DemoTest" name="@AfterTest closeb" time="-1.624898058931E9">
    <skipped/>
  </testcase> <!-- @AfterTest closeb -->
  <testcase classname="mavenproject.mavenextend.DemoTest" name="login" time="0.0">
    <skipped/>
  </testcase> <!-- login -->
  <testcase classname="mavenproject.mavenextend.DemoTest" name="demo" time="0.0">
    <skipped/>
  </testcase> <!-- demo -->
</testsuite> <!-- Test -->
